[0;36m[build][0m ══════════════════════════════════════════════════════════
[0;36m[build][0m Board       : [1mvm-x64[0m
[0;36m[build][0m Architecture: [1mamd64[0m
[0;36m[build][0m Suite       : bookworm
[0;36m[build][0m Image       : /home/reepost/CyberMindStudio/secubox-deb/secubox-deb/output/secubox-vm-x64-bookworm.img
[0;36m[build][0m Work dir    : /tmp/secubox-build-MSEkVb
[0;36m[build][0m APT Mirror  : http://deb.debian.org/debian
[0;36m[build][0m SecuBox Repo: https://apt.secubox.in
[0;36m[build][0m Slipstream  : [0;32menabled[0m
[0;36m[build][0m ══════════════════════════════════════════════════════════
[0;36m[build][0m 1/7 Debootstrap bookworm amd64...
I: Target architecture can be executed
W: Cannot check Release signature; keyring file not available /usr/share/keyrings/debian-archive-keyring.gpg
I: Retrieving InRelease 
I: Retrieving Packages 
I: Validating Packages 
I: Resolving dependencies of required packages...
I: Resolving dependencies of base packages...
I: Checking component main on http://deb.debian.org/debian...
I: Retrieving adduser 3.134
I: Validating adduser 3.134
I: Retrieving apt 2.6.1
I: Validating apt 2.6.1
I: Retrieving apt-transport-https 2.6.1
I: Validating apt-transport-https 2.6.1
I: Retrieving apt-utils 2.6.1
I: Validating apt-utils 2.6.1
I: Retrieving base-files 12.4+deb12u13
I: Validating base-files 12.4+deb12u13
I: Retrieving base-passwd 3.6.1
I: Validating base-passwd 3.6.1
I: Retrieving bash 5.2.15-2+b10
I: Validating bash 5.2.15-2+b10
I: Retrieving bsdutils 1:2.38.1-5+deb12u3
I: Validating bsdutils 1:2.38.1-5+deb12u3
I: Retrieving ca-certificates 20230311+deb12u1
I: Validating ca-certificates 20230311+deb12u1
I: Retrieving coreutils 9.1-1
I: Validating coreutils 9.1-1
I: Retrieving cpio 2.13+dfsg-7.1
I: Validating cpio 2.13+dfsg-7.1
I: Retrieving cron 3.0pl1-162
I: Validating cron 3.0pl1-162
I: Retrieving cron-daemon-common 3.0pl1-162
I: Validating cron-daemon-common 3.0pl1-162
I: Retrieving curl 7.88.1-10+deb12u14
I: Validating curl 7.88.1-10+deb12u14
I: Retrieving dash 0.5.12-2
I: Validating dash 0.5.12-2
I: Retrieving dbus 1.14.10-1~deb12u1
I: Validating dbus 1.14.10-1~deb12u1
I: Retrieving dbus-bin 1.14.10-1~deb12u1
I: Validating dbus-bin 1.14.10-1~deb12u1
I: Retrieving dbus-daemon 1.14.10-1~deb12u1
I: Validating dbus-daemon 1.14.10-1~deb12u1
I: Retrieving dbus-session-bus-common 1.14.10-1~deb12u1
I: Validating dbus-session-bus-common 1.14.10-1~deb12u1
I: Retrieving dbus-system-bus-common 1.14.10-1~deb12u1
I: Validating dbus-system-bus-common 1.14.10-1~deb12u1
I: Retrieving debconf 1.5.82
I: Validating debconf 1.5.82
I: Retrieving debconf-i18n 1.5.82
I: Validating debconf-i18n 1.5.82
I: Retrieving debian-archive-keyring 2023.3+deb12u2
I: Validating debian-archive-keyring 2023.3+deb12u2
I: Retrieving debianutils 5.7-0.5~deb12u1
I: Validating debianutils 5.7-0.5~deb12u1
I: Retrieving diffutils 1:3.8-4
I: Validating diffutils 1:3.8-4
I: Retrieving dirmngr 2.2.40-1.1+deb12u2
I: Validating dirmngr 2.2.40-1.1+deb12u2
I: Retrieving dmidecode 3.4-1
I: Validating dmidecode 3.4-1
I: Retrieving dmsetup 2:1.02.185-2
I: Validating dmsetup 2:1.02.185-2
I: Retrieving dnsmasq 2.90-4~deb12u1
I: Validating dnsmasq 2.90-4~deb12u1
I: Retrieving dnsmasq-base 2.90-4~deb12u1
I: Validating dnsmasq-base 2.90-4~deb12u1
I: Retrieving dpkg 1.21.22
I: Validating dpkg 1.21.22
I: Retrieving e2fsprogs 1.47.0-2+b2
I: Validating e2fsprogs 1.47.0-2+b2
I: Retrieving efibootmgr 17-2
I: Validating efibootmgr 17-2
I: Retrieving ethtool 1:6.1-1
I: Validating ethtool 1:6.1-1
I: Retrieving fdisk 2.38.1-5+deb12u3
I: Validating fdisk 2.38.1-5+deb12u3
I: Retrieving findutils 4.9.0-4
I: Validating findutils 4.9.0-4
I: Retrieving gcc-12-base 12.2.0-14+deb12u1
I: Validating gcc-12-base 12.2.0-14+deb12u1
I: Retrieving gettext-base 0.21-12
I: Validating gettext-base 0.21-12
I: Retrieving gnupg 2.2.40-1.1+deb12u2
I: Validating gnupg 2.2.40-1.1+deb12u2
I: Retrieving gnupg-l10n 2.2.40-1.1+deb12u2
I: Validating gnupg-l10n 2.2.40-1.1+deb12u2
I: Retrieving gnupg-utils 2.2.40-1.1+deb12u2
I: Validating gnupg-utils 2.2.40-1.1+deb12u2
I: Retrieving gpg 2.2.40-1.1+deb12u2
I: Validating gpg 2.2.40-1.1+deb12u2
I: Retrieving gpg-agent 2.2.40-1.1+deb12u2
I: Validating gpg-agent 2.2.40-1.1+deb12u2
I: Retrieving gpg-wks-client 2.2.40-1.1+deb12u2
I: Validating gpg-wks-client 2.2.40-1.1+deb12u2
I: Retrieving gpg-wks-server 2.2.40-1.1+deb12u2
I: Validating gpg-wks-server 2.2.40-1.1+deb12u2
I: Retrieving gpgconf 2.2.40-1.1+deb12u2
I: Validating gpgconf 2.2.40-1.1+deb12u2
I: Retrieving gpgsm 2.2.40-1.1+deb12u2
I: Validating gpgsm 2.2.40-1.1+deb12u2
I: Retrieving gpgv 2.2.40-1.1+deb12u2
I: Validating gpgv 2.2.40-1.1+deb12u2
I: Retrieving grep 3.8-5
I: Validating grep 3.8-5
I: Retrieving grub-common 2.06-13+deb12u1
I: Validating grub-common 2.06-13+deb12u1
I: Retrieving grub-efi-amd64 2.06-13+deb12u1
I: Validating grub-efi-amd64 2.06-13+deb12u1
I: Retrieving grub-efi-amd64-bin 2.06-13+deb12u1
I: Validating grub-efi-amd64-bin 2.06-13+deb12u1
I: Retrieving grub2-common 2.06-13+deb12u1
I: Validating grub2-common 2.06-13+deb12u1
I: Retrieving gzip 1.12-1
I: Validating gzip 1.12-1
I: Retrieving hostname 3.23+nmu1
I: Validating hostname 3.23+nmu1
I: Retrieving ifupdown 0.8.41
I: Validating ifupdown 0.8.41
I: Retrieving init 1.65.2+deb12u1
I: Validating init 1.65.2+deb12u1
I: Retrieving init-system-helpers 1.65.2+deb12u1
I: Validating init-system-helpers 1.65.2+deb12u1
I: Retrieving initramfs-tools 0.142+deb12u3
I: Validating initramfs-tools 0.142+deb12u3
I: Retrieving initramfs-tools-core 0.142+deb12u3
I: Validating initramfs-tools-core 0.142+deb12u3
I: Retrieving iproute2 6.1.0-3
I: Validating iproute2 6.1.0-3
I: Retrieving iputils-ping 3:20221126-1+deb12u1
I: Validating iputils-ping 3:20221126-1+deb12u1
I: Retrieving isc-dhcp-client 4.4.3-P1-2
I: Validating isc-dhcp-client 4.4.3-P1-2
I: Retrieving isc-dhcp-common 4.4.3-P1-2
I: Validating isc-dhcp-common 4.4.3-P1-2
I: Retrieving jq 1.6-2.1+deb12u1
I: Validating jq 1.6-2.1+deb12u1
I: Retrieving klibc-utils 2.0.12-1
I: Validating klibc-utils 2.0.12-1
I: Retrieving kmod 30+20221128-1
I: Validating kmod 30+20221128-1
I: Retrieving less 590-2.1~deb12u2
I: Validating less 590-2.1~deb12u2
I: Retrieving libacl1 2.3.1-3
I: Validating libacl1 2.3.1-3
I: Retrieving libapparmor1 3.0.8-3
I: Validating libapparmor1 3.0.8-3
I: Retrieving libapt-pkg6.0 2.6.1
I: Validating libapt-pkg6.0 2.6.1
I: Retrieving libargon2-1 0~20171227-0.3+deb12u1
I: Validating libargon2-1 0~20171227-0.3+deb12u1
I: Retrieving libassuan0 2.5.5-5
I: Validating libassuan0 2.5.5-5
I: Retrieving libattr1 1:2.5.1-4
I: Validating libattr1 1:2.5.1-4
I: Retrieving libaudit-common 1:3.0.9-1
I: Validating libaudit-common 1:3.0.9-1
I: Retrieving libaudit1 1:3.0.9-1
I: Validating libaudit1 1:3.0.9-1
I: Retrieving libblkid1 2.38.1-5+deb12u3
I: Validating libblkid1 2.38.1-5+deb12u3
I: Retrieving libbpf1 1:1.1.2-0+deb12u1
I: Validating libbpf1 1:1.1.2-0+deb12u1
I: Retrieving libbrotli1 1.0.9-2+b6
I: Validating libbrotli1 1.0.9-2+b6
I: Retrieving libbsd0 0.11.7-2
I: Validating libbsd0 0.11.7-2
I: Retrieving libbz2-1.0 1.0.8-5+b1
I: Validating libbz2-1.0 1.0.8-5+b1
I: Retrieving libc-bin 2.36-9+deb12u13
I: Validating libc-bin 2.36-9+deb12u13
I: Retrieving libc6 2.36-9+deb12u13
I: Validating libc6 2.36-9+deb12u13
I: Retrieving libcap-ng0 0.8.3-1+b3
I: Validating libcap-ng0 0.8.3-1+b3
I: Retrieving libcap2 1:2.66-4+deb12u2+b2
I: Validating libcap2 1:2.66-4+deb12u2+b2
I: Retrieving libcap2-bin 1:2.66-4+deb12u2+b2
I: Validating libcap2-bin 1:2.66-4+deb12u2+b2
I: Retrieving libcbor0.8 0.8.0-2+b1
I: Validating libcbor0.8 0.8.0-2+b1
I: Retrieving libcom-err2 1.47.0-2+b2
I: Validating libcom-err2 1.47.0-2+b2
I: Retrieving libcrypt1 1:4.4.33-2
I: Validating libcrypt1 1:4.4.33-2
I: Retrieving libcryptsetup12 2:2.6.1-4~deb12u2
I: Validating libcryptsetup12 2:2.6.1-4~deb12u2
I: Retrieving libcurl4 7.88.1-10+deb12u14
I: Validating libcurl4 7.88.1-10+deb12u14
I: Retrieving libdb5.3 5.3.28+dfsg2-1
I: Validating libdb5.3 5.3.28+dfsg2-1
I: Retrieving libdbus-1-3 1.14.10-1~deb12u1
I: Validating libdbus-1-3 1.14.10-1~deb12u1
I: Retrieving libdebconfclient0 0.270
I: Validating libdebconfclient0 0.270
I: Retrieving libdevmapper1.02.1 2:1.02.185-2
I: Validating libdevmapper1.02.1 2:1.02.185-2
I: Retrieving libedit2 3.1-20221030-2
I: Validating libedit2 3.1-20221030-2
I: Retrieving libefiboot1 37-6
I: Validating libefiboot1 37-6
I: Retrieving libefivar1 37-6
I: Validating libefivar1 37-6
I: Retrieving libelf1 0.188-2.1
I: Validating libelf1 0.188-2.1
I: Retrieving libexpat1 2.5.0-1+deb12u2
I: Validating libexpat1 2.5.0-1+deb12u2
I: Retrieving libext2fs2 1.47.0-2+b2
I: Validating libext2fs2 1.47.0-2+b2
I: Retrieving libfdisk1 2.38.1-5+deb12u3
I: Validating libfdisk1 2.38.1-5+deb12u3
I: Retrieving libffi8 3.4.4-1
I: Validating libffi8 3.4.4-1
I: Retrieving libfido2-1 1.12.0-2+b1
I: Validating libfido2-1 1.12.0-2+b1
I: Retrieving libfreetype6 2.12.1+dfsg-5+deb12u4
I: Validating libfreetype6 2.12.1+dfsg-5+deb12u4
I: Retrieving libfuse2 2.9.9-6+b1
I: Validating libfuse2 2.9.9-6+b1
I: Retrieving libgcc-s1 12.2.0-14+deb12u1
I: Validating libgcc-s1 12.2.0-14+deb12u1
I: Retrieving libgcrypt20 1.10.1-3
I: Validating libgcrypt20 1.10.1-3
I: Retrieving libglib2.0-0 2.74.6-2+deb12u8
I: Validating libglib2.0-0 2.74.6-2+deb12u8
I: Retrieving libgmp10 2:6.2.1+dfsg1-1.1
I: Validating libgmp10 2:6.2.1+dfsg1-1.1
I: Retrieving libgnutls30 3.7.9-2+deb12u5
I: Validating libgnutls30 3.7.9-2+deb12u5
I: Retrieving libgpg-error0 1.46-1
I: Validating libgpg-error0 1.46-1
I: Retrieving libgssapi-krb5-2 1.20.1-2+deb12u4
I: Validating libgssapi-krb5-2 1.20.1-2+deb12u4
I: Retrieving libhogweed6 3.8.1-2
I: Validating libhogweed6 3.8.1-2
I: Retrieving libidn2-0 2.3.3-1+b1
I: Validating libidn2-0 2.3.3-1+b1
I: Retrieving libip4tc2 1.8.9-2
I: Validating libip4tc2 1.8.9-2
I: Retrieving libjansson4 2.14-2
I: Validating libjansson4 2.14-2
I: Retrieving libjq1 1.6-2.1+deb12u1
I: Validating libjq1 1.6-2.1+deb12u1
I: Retrieving libjson-c5 0.16-2
I: Validating libjson-c5 0.16-2
I: Retrieving libk5crypto3 1.20.1-2+deb12u4
I: Validating libk5crypto3 1.20.1-2+deb12u4
I: Retrieving libkeyutils1 1.6.3-2
I: Validating libkeyutils1 1.6.3-2
I: Retrieving libklibc 2.0.12-1
I: Validating libklibc 2.0.12-1
I: Retrieving libkmod2 30+20221128-1
I: Validating libkmod2 30+20221128-1
I: Retrieving libkrb5-3 1.20.1-2+deb12u4
I: Validating libkrb5-3 1.20.1-2+deb12u4
I: Retrieving libkrb5support0 1.20.1-2+deb12u4
I: Validating libkrb5support0 1.20.1-2+deb12u4
I: Retrieving libksba8 1.6.3-2
I: Validating libksba8 1.6.3-2
I: Retrieving libldap-2.5-0 2.5.13+dfsg-5
I: Validating libldap-2.5-0 2.5.13+dfsg-5
I: Retrieving liblocale-gettext-perl 1.07-5
I: Validating liblocale-gettext-perl 1.07-5
I: Retrieving liblz4-1 1.9.4-1
I: Validating liblz4-1 1.9.4-1
I: Retrieving liblzma5 5.4.1-1
I: Validating liblzma5 5.4.1-1
I: Retrieving libmd0 1.0.4-2
I: Validating libmd0 1.0.4-2
I: Retrieving libmnl0 1.0.4-3
I: Validating libmnl0 1.0.4-3
I: Retrieving libmount1 2.38.1-5+deb12u3
I: Validating libmount1 2.38.1-5+deb12u3
I: Retrieving libncursesw6 6.4-4
I: Validating libncursesw6 6.4-4
I: Retrieving libnetfilter-conntrack3 1.0.9-3
I: Validating libnetfilter-conntrack3 1.0.9-3
I: Retrieving libnetplan0 0.106-2+deb12u1
I: Validating libnetplan0 0.106-2+deb12u1
I: Retrieving libnettle8 3.8.1-2
I: Validating libnettle8 3.8.1-2
I: Retrieving libnewt0.52 0.52.23-1+b1
I: Validating libnewt0.52 0.52.23-1+b1
I: Retrieving libnfnetlink0 1.0.2-2
I: Validating libnfnetlink0 1.0.2-2
I: Retrieving libnftables1 1.0.6-2+deb12u2
I: Validating libnftables1 1.0.6-2+deb12u2
I: Retrieving libnftnl11 1.2.4-2
I: Validating libnftnl11 1.2.4-2
I: Retrieving libnghttp2-14 1.52.0-1+deb12u2
I: Validating libnghttp2-14 1.52.0-1+deb12u2
I: Retrieving libnpth0 1.6-3
I: Validating libnpth0 1.6-3
I: Retrieving libnsl2 1.3.0-2
I: Validating libnsl2 1.3.0-2
I: Retrieving libonig5 6.9.8-1
I: Validating libonig5 6.9.8-1
I: Retrieving libp11-kit0 0.24.1-2
I: Validating libp11-kit0 0.24.1-2
I: Retrieving libpam-modules 1.5.2-6+deb12u2
I: Validating libpam-modules 1.5.2-6+deb12u2
I: Retrieving libpam-modules-bin 1.5.2-6+deb12u2
I: Validating libpam-modules-bin 1.5.2-6+deb12u2
I: Retrieving libpam-runtime 1.5.2-6+deb12u2
I: Validating libpam-runtime 1.5.2-6+deb12u2
I: Retrieving libpam0g 1.5.2-6+deb12u2
I: Validating libpam0g 1.5.2-6+deb12u2
I: Retrieving libpcre2-8-0 10.42-1
I: Validating libpcre2-8-0 10.42-1
I: Retrieving libpng16-16 1.6.39-2+deb12u1
I: Validating libpng16-16 1.6.39-2+deb12u1
I: Retrieving libpopt0 1.19+dfsg-1
I: Validating libpopt0 1.19+dfsg-1
I: Retrieving libproc2-0 2:4.0.2-3
I: Validating libproc2-0 2:4.0.2-3
I: Retrieving libpsl5 0.21.2-1
I: Validating libpsl5 0.21.2-1
I: Retrieving libpython3-stdlib 3.11.2-1+b1
I: Validating libpython3-stdlib 3.11.2-1+b1
I: Retrieving libpython3.11-minimal 3.11.2-6+deb12u6
I: Validating libpython3.11-minimal 3.11.2-6+deb12u6
I: Retrieving libpython3.11-stdlib 3.11.2-6+deb12u6
I: Validating libpython3.11-stdlib 3.11.2-6+deb12u6
I: Retrieving libreadline8 8.2-1.3
I: Validating libreadline8 8.2-1.3
I: Retrieving librtmp1 2.4+20151223.gitfa8646d.1-2+b2
I: Validating librtmp1 2.4+20151223.gitfa8646d.1-2+b2
I: Retrieving libsasl2-2 2.1.28+dfsg-10
I: Validating libsasl2-2 2.1.28+dfsg-10
I: Retrieving libsasl2-modules-db 2.1.28+dfsg-10
I: Validating libsasl2-modules-db 2.1.28+dfsg-10
I: Retrieving libseccomp2 2.5.4-1+deb12u1
I: Validating libseccomp2 2.5.4-1+deb12u1
I: Retrieving libselinux1 3.4-1+b6
I: Validating libselinux1 3.4-1+b6
I: Retrieving libsemanage-common 3.4-1
I: Validating libsemanage-common 3.4-1
I: Retrieving libsemanage2 3.4-1+b5
I: Validating libsemanage2 3.4-1+b5
I: Retrieving libsepol2 3.4-2.1
I: Validating libsepol2 3.4-2.1
I: Retrieving libslang2 2.3.3-3
I: Validating libslang2 2.3.3-3
I: Retrieving libsmartcols1 2.38.1-5+deb12u3
I: Validating libsmartcols1 2.38.1-5+deb12u3
I: Retrieving libsqlite3-0 3.40.1-2+deb12u2
I: Validating libsqlite3-0 3.40.1-2+deb12u2
I: Retrieving libss2 1.47.0-2+b2
I: Validating libss2 1.47.0-2+b2
I: Retrieving libssh2-1 1.10.0-3+b1
I: Validating libssh2-1 1.10.0-3+b1
I: Retrieving libssl3 3.0.18-1~deb12u1
I: Validating libssl3 3.0.18-1~deb12u1
I: Retrieving libstdc++6 12.2.0-14+deb12u1
I: Validating libstdc++6 12.2.0-14+deb12u1
I: Retrieving libsystemd-shared 252.39-1~deb12u1
I: Validating libsystemd-shared 252.39-1~deb12u1
I: Retrieving libsystemd0 252.39-1~deb12u1
I: Validating libsystemd0 252.39-1~deb12u1
I: Retrieving libtasn1-6 4.19.0-2+deb12u1
I: Validating libtasn1-6 4.19.0-2+deb12u1
I: Retrieving libtext-charwidth-perl 0.04-11
I: Validating libtext-charwidth-perl 0.04-11
I: Retrieving libtext-iconv-perl 1.7-8
I: Validating libtext-iconv-perl 1.7-8
I: Retrieving libtext-wrapi18n-perl 0.06-10
I: Validating libtext-wrapi18n-perl 0.06-10
I: Retrieving libtinfo6 6.4-4
I: Validating libtinfo6 6.4-4
I: Retrieving libtirpc-common 1.3.3+ds-1
I: Validating libtirpc-common 1.3.3+ds-1
I: Retrieving libtirpc3 1.3.3+ds-1
I: Validating libtirpc3 1.3.3+ds-1
I: Retrieving libudev1 252.39-1~deb12u1
I: Validating libudev1 252.39-1~deb12u1
I: Retrieving libunistring2 1.0-2
I: Validating libunistring2 1.0-2
I: Retrieving libuuid1 2.38.1-5+deb12u3
I: Validating libuuid1 2.38.1-5+deb12u3
I: Retrieving libwrap0 7.6.q-32
I: Validating libwrap0 7.6.q-32
I: Retrieving libxtables12 1.8.9-2
I: Validating libxtables12 1.8.9-2
I: Retrieving libxxhash0 0.8.1-1
I: Validating libxxhash0 0.8.1-1
I: Retrieving libyaml-0-2 0.2.5-1
I: Validating libyaml-0-2 0.2.5-1
I: Retrieving libzstd1 1.5.4+dfsg2-5
I: Validating libzstd1 1.5.4+dfsg2-5
I: Retrieving linux-base 4.9
I: Validating linux-base 4.9
I: Retrieving linux-image-6.1.0-42-amd64 6.1.159-1
I: Validating linux-image-6.1.0-42-amd64 6.1.159-1
I: Retrieving linux-image-amd64 6.1.159-1
I: Validating linux-image-amd64 6.1.159-1
I: Retrieving login 1:4.13+dfsg1-1+deb12u2
I: Validating login 1:4.13+dfsg1-1+deb12u2
I: Retrieving logrotate 3.21.0-1
I: Validating logrotate 3.21.0-1
I: Retrieving logsave 1.47.0-2+b2
I: Validating logsave 1.47.0-2+b2
I: Retrieving lsb-base 11.6
I: Validating lsb-base 11.6
I: Retrieving mawk 1.3.4.20200120-3.1
I: Validating mawk 1.3.4.20200120-3.1
I: Retrieving media-types 10.0.0
I: Validating media-types 10.0.0
I: Retrieving mount 2.38.1-5+deb12u3
I: Validating mount 2.38.1-5+deb12u3
I: Retrieving nano 7.2-1+deb12u1
I: Validating nano 7.2-1+deb12u1
I: Retrieving ncurses-base 6.4-4
I: Validating ncurses-base 6.4-4
I: Retrieving ncurses-bin 6.4-4
I: Validating ncurses-bin 6.4-4
I: Retrieving net-tools 2.10-0.1+deb12u2
I: Validating net-tools 2.10-0.1+deb12u2
I: Retrieving netbase 6.4
I: Validating netbase 6.4
I: Retrieving netplan.io 0.106-2+deb12u1
I: Validating netplan.io 0.106-2+deb12u1
I: Retrieving nftables 1.0.6-2+deb12u2
I: Validating nftables 1.0.6-2+deb12u2
I: Retrieving nginx 1.22.1-9+deb12u3
I: Validating nginx 1.22.1-9+deb12u3
I: Retrieving nginx-common 1.22.1-9+deb12u3
I: Validating nginx-common 1.22.1-9+deb12u3
I: Retrieving openssh-client 1:9.2p1-2+deb12u7
I: Validating openssh-client 1:9.2p1-2+deb12u7
I: Retrieving openssh-server 1:9.2p1-2+deb12u7
I: Validating openssh-server 1:9.2p1-2+deb12u7
I: Retrieving openssh-sftp-server 1:9.2p1-2+deb12u7
I: Validating openssh-sftp-server 1:9.2p1-2+deb12u7
I: Retrieving openssl 3.0.18-1~deb12u1
I: Validating openssl 3.0.18-1~deb12u1
I: Retrieving passwd 1:4.13+dfsg1-1+deb12u2
I: Validating passwd 1:4.13+dfsg1-1+deb12u2
I: Retrieving perl-base 5.36.0-7+deb12u3
I: Validating perl-base 5.36.0-7+deb12u3
I: Retrieving pinentry-curses 1.2.1-1
I: Validating pinentry-curses 1.2.1-1
I: Retrieving procps 2:4.0.2-3
I: Validating procps 2:4.0.2-3
I: Retrieving python3 3.11.2-1+b1
I: Validating python3 3.11.2-1+b1
I: Retrieving python3-dbus 1.3.2-4+b1
I: Validating python3-dbus 1.3.2-4+b1
I: Retrieving python3-distutils 3.11.2-3
I: Validating python3-distutils 3.11.2-3
I: Retrieving python3-lib2to3 3.11.2-3
I: Validating python3-lib2to3 3.11.2-3
I: Retrieving python3-markdown-it 2.1.0-5
I: Validating python3-markdown-it 2.1.0-5
I: Retrieving python3-mdurl 0.1.2-1
I: Validating python3-mdurl 0.1.2-1
I: Retrieving python3-minimal 3.11.2-1+b1
I: Validating python3-minimal 3.11.2-1+b1
I: Retrieving python3-netifaces 0.11.0-2+b1
I: Validating python3-netifaces 0.11.0-2+b1
I: Retrieving python3-pip 23.0.1+dfsg-1
I: Validating python3-pip 23.0.1+dfsg-1
I: Retrieving python3-pkg-resources 66.1.1-1+deb12u2
I: Validating python3-pkg-resources 66.1.1-1+deb12u2
I: Retrieving python3-pygments 2.14.0+dfsg-1
I: Validating python3-pygments 2.14.0+dfsg-1
I: Retrieving python3-rich 13.3.1-1
I: Validating python3-rich 13.3.1-1
I: Retrieving python3-setuptools 66.1.1-1+deb12u2
I: Validating python3-setuptools 66.1.1-1+deb12u2
I: Retrieving python3-typing-extensions 4.4.0-1
I: Validating python3-typing-extensions 4.4.0-1
I: Retrieving python3-wheel 0.38.4-2
I: Validating python3-wheel 0.38.4-2
I: Retrieving python3-yaml 6.0-3+b2
I: Validating python3-yaml 6.0-3+b2
I: Retrieving python3.11 3.11.2-6+deb12u6
I: Validating python3.11 3.11.2-6+deb12u6
I: Retrieving python3.11-minimal 3.11.2-6+deb12u6
I: Validating python3.11-minimal 3.11.2-6+deb12u6
I: Retrieving readline-common 8.2-1.3
I: Validating readline-common 8.2-1.3
I: Retrieving rsync 3.2.7-1+deb12u4
I: Validating rsync 3.2.7-1+deb12u4
I: Retrieving runit-helper 2.15.2
I: Validating runit-helper 2.15.2
I: Retrieving sed 4.9-1
I: Validating sed 4.9-1
I: Retrieving sensible-utils 0.0.17+nmu1
I: Validating sensible-utils 0.0.17+nmu1
I: Retrieving sudo 1.9.13p3-1+deb12u3
I: Validating sudo 1.9.13p3-1+deb12u3
I: Retrieving systemd 252.39-1~deb12u1
I: Validating systemd 252.39-1~deb12u1
I: Retrieving systemd-sysv 252.39-1~deb12u1
I: Validating systemd-sysv 252.39-1~deb12u1
I: Retrieving sysvinit-utils 3.06-4
I: Validating sysvinit-utils 3.06-4
I: Retrieving tar 1.34+dfsg-1.2+deb12u1
I: Validating tar 1.34+dfsg-1.2+deb12u1
I: Retrieving tasksel 3.73
I: Validating tasksel 3.73
I: Retrieving tasksel-data 3.73
I: Validating tasksel-data 3.73
I: Retrieving tzdata 2025b-0+deb12u2
I: Validating tzdata 2025b-0+deb12u2
I: Retrieving ucf 3.0043+nmu1+deb12u1
I: Validating ucf 3.0043+nmu1+deb12u1
I: Retrieving udev 252.39-1~deb12u1
I: Validating udev 252.39-1~deb12u1
I: Retrieving usr-is-merged 37~deb12u1
I: Validating usr-is-merged 37~deb12u1
I: Retrieving util-linux 2.38.1-5+deb12u3
I: Validating util-linux 2.38.1-5+deb12u3
I: Retrieving util-linux-extra 2.38.1-5+deb12u3
I: Validating util-linux-extra 2.38.1-5+deb12u3
I: Retrieving vim-common 2:9.0.1378-2+deb12u2
I: Validating vim-common 2:9.0.1378-2+deb12u2
I: Retrieving vim-tiny 2:9.0.1378-2+deb12u2
I: Validating vim-tiny 2:9.0.1378-2+deb12u2
I: Retrieving wget 1.21.3-1+deb12u1
I: Validating wget 1.21.3-1+deb12u1
I: Retrieving whiptail 0.52.23-1+b1
I: Validating whiptail 0.52.23-1+b1
I: Retrieving wireguard-tools 1.0.20210914-1+b1
I: Validating wireguard-tools 1.0.20210914-1+b1
I: Retrieving zlib1g 1:1.2.13.dfsg-1
I: Validating zlib1g 1:1.2.13.dfsg-1
I: Chosen extractor for .deb packages: dpkg-deb
I: Extracting adduser...
I: Extracting apt...
I: Extracting base-files...
I: Extracting base-passwd...
I: Extracting bash...
I: Extracting bsdutils...
I: Extracting coreutils...
I: Extracting dash...
I: Extracting debconf...
I: Extracting debian-archive-keyring...
I: Extracting debianutils...
I: Extracting diffutils...
I: Extracting dpkg...
I: Extracting e2fsprogs...
I: Extracting findutils...
I: Extracting gcc-12-base...
I: Extracting gpgv...
I: Extracting grep...
I: Extracting gzip...
I: Extracting hostname...
I: Extracting init-system-helpers...
I: Extracting libacl1...
I: Extracting libapt-pkg6.0...
I: Extracting libattr1...
I: Extracting libaudit-common...
I: Extracting libaudit1...
I: Extracting libblkid1...
I: Extracting libbz2-1.0...
I: Extracting libc-bin...
I: Extracting libc6...
I: Extracting libcap-ng0...
I: Extracting libcap2...
I: Extracting libcom-err2...
I: Extracting libcrypt1...
I: Extracting libdb5.3...
I: Extracting libdebconfclient0...
I: Extracting libext2fs2...
I: Extracting libffi8...
I: Extracting libgcc-s1...
I: Extracting libgcrypt20...
I: Extracting libgmp10...
I: Extracting libgnutls30...
I: Extracting libgpg-error0...
I: Extracting libhogweed6...
I: Extracting libidn2-0...
I: Extracting liblz4-1...
I: Extracting liblzma5...
I: Extracting libmd0...
I: Extracting libmount1...
I: Extracting libnettle8...
I: Extracting libp11-kit0...
I: Extracting libpam-modules...
I: Extracting libpam-modules-bin...
I: Extracting libpam-runtime...
I: Extracting libpam0g...
I: Extracting libpcre2-8-0...
I: Extracting libseccomp2...
I: Extracting libselinux1...
I: Extracting libsemanage-common...
I: Extracting libsemanage2...
I: Extracting libsepol2...
I: Extracting libsmartcols1...
I: Extracting libss2...
I: Extracting libstdc++6...
I: Extracting libsystemd0...
I: Extracting libtasn1-6...
I: Extracting libtinfo6...
I: Extracting libudev1...
I: Extracting libunistring2...
I: Extracting libuuid1...
I: Extracting libxxhash0...
I: Extracting libzstd1...
I: Extracting login...
I: Extracting logsave...
I: Extracting mawk...
I: Extracting mount...
I: Extracting ncurses-base...
I: Extracting ncurses-bin...
I: Extracting passwd...
I: Extracting perl-base...
I: Extracting sed...
I: Extracting sysvinit-utils...
I: Extracting tar...
I: Extracting tzdata...
I: Extracting usr-is-merged...
I: Extracting util-linux...
I: Extracting util-linux-extra...
I: Extracting zlib1g...
I: Installing core packages...
I: Unpacking required packages...
I: Unpacking adduser...
I: Unpacking apt...
I: Unpacking base-files...
I: Unpacking base-passwd...
I: Unpacking bash...
I: Unpacking bsdutils...
I: Unpacking coreutils...
I: Unpacking dash...
I: Unpacking debconf...
I: Unpacking debian-archive-keyring...
I: Unpacking debianutils...
I: Unpacking diffutils...
I: Unpacking dpkg...
I: Unpacking e2fsprogs...
I: Unpacking findutils...
I: Unpacking gcc-12-base:amd64...
I: Unpacking gpgv...
I: Unpacking grep...
I: Unpacking gzip...
I: Unpacking hostname...
I: Unpacking init-system-helpers...
I: Unpacking libacl1:amd64...
I: Unpacking libapt-pkg6.0:amd64...
I: Unpacking libattr1:amd64...
I: Unpacking libaudit-common...
I: Unpacking libaudit1:amd64...
I: Unpacking libblkid1:amd64...
I: Unpacking libbz2-1.0:amd64...
I: Unpacking libc-bin...
I: Unpacking libc6:amd64...
I: Unpacking libcap-ng0:amd64...
I: Unpacking libcap2:amd64...
I: Unpacking libcom-err2:amd64...
I: Unpacking libcrypt1:amd64...
I: Unpacking libdb5.3:amd64...
I: Unpacking libdebconfclient0:amd64...
I: Unpacking libext2fs2:amd64...
I: Unpacking libffi8:amd64...
I: Unpacking libgcc-s1:amd64...
I: Unpacking libgcrypt20:amd64...
I: Unpacking libgmp10:amd64...
I: Unpacking libgnutls30:amd64...
I: Unpacking libgpg-error0:amd64...
I: Unpacking libhogweed6:amd64...
I: Unpacking libidn2-0:amd64...
I: Unpacking liblz4-1:amd64...
I: Unpacking liblzma5:amd64...
I: Unpacking libmd0:amd64...
I: Unpacking libmount1:amd64...
I: Unpacking libnettle8:amd64...
I: Unpacking libp11-kit0:amd64...
I: Unpacking libpam-modules:amd64...
I: Unpacking libpam-modules-bin...
I: Unpacking libpam-runtime...
I: Unpacking libpam0g:amd64...
I: Unpacking libpcre2-8-0:amd64...
I: Unpacking libseccomp2:amd64...
I: Unpacking libselinux1:amd64...
I: Unpacking libsemanage-common...
I: Unpacking libsemanage2:amd64...
I: Unpacking libsepol2:amd64...
I: Unpacking libsmartcols1:amd64...
I: Unpacking libss2:amd64...
I: Unpacking libstdc++6:amd64...
I: Unpacking libsystemd0:amd64...
I: Unpacking libtasn1-6:amd64...
I: Unpacking libtinfo6:amd64...
I: Unpacking libudev1:amd64...
I: Unpacking libunistring2:amd64...
I: Unpacking libuuid1:amd64...
I: Unpacking libxxhash0:amd64...
I: Unpacking libzstd1:amd64...
I: Unpacking login...
I: Unpacking logsave...
I: Unpacking mawk...
I: Unpacking mount...
I: Unpacking ncurses-base...
I: Unpacking ncurses-bin...
I: Unpacking passwd...
I: Unpacking perl-base...
I: Unpacking sed...
I: Unpacking sysvinit-utils...
I: Unpacking tar...
I: Unpacking tzdata...
I: Unpacking usr-is-merged...
I: Unpacking util-linux...
I: Unpacking util-linux-extra...
I: Unpacking zlib1g:amd64...
I: Configuring required packages...
I: Configuring debian-archive-keyring...
I: Configuring usr-is-merged...
I: Configuring libaudit-common...
I: Configuring libsemanage-common...
I: Configuring debconf...
I: Configuring gcc-12-base:amd64...
I: Configuring tzdata...
I: Configuring ncurses-base...
I: Configuring init-system-helpers...
I: Configuring libgcc-s1:amd64...
I: Configuring libc6:amd64...
I: Configuring libudev1:amd64...
I: Configuring libffi8:amd64...
I: Configuring libmd0:amd64...
I: Configuring libxxhash0:amd64...
I: Configuring libattr1:amd64...
I: Configuring sysvinit-utils...
I: Configuring libtasn1-6:amd64...
I: Configuring debianutils...
I: Configuring mawk...
I: Configuring libdebconfclient0:amd64...
I: Configuring base-files...
I: Configuring libbz2-1.0:amd64...
I: Configuring libdb5.3:amd64...
I: Configuring libblkid1:amd64...
I: Configuring libstdc++6:amd64...
I: Configuring libtinfo6:amd64...
I: Configuring bash...
I: Configuring libzstd1:amd64...
I: Configuring liblzma5:amd64...
I: Configuring libgpg-error0:amd64...
I: Configuring liblz4-1:amd64...
I: Configuring libc-bin...
I: Configuring ncurses-bin...
I: Configuring libacl1:amd64...
I: Configuring libunistring2:amd64...
I: Configuring libsmartcols1:amd64...
I: Configuring libgcrypt20:amd64...
I: Configuring zlib1g:amd64...
I: Configuring libcrypt1:amd64...
I: Configuring libidn2-0:amd64...
I: Configuring libcom-err2:amd64...
I: Configuring diffutils...
I: Configuring libseccomp2:amd64...
I: Configuring libcap2:amd64...
I: Configuring hostname...
I: Configuring libcap-ng0:amd64...
I: Configuring libext2fs2:amd64...
I: Configuring libnettle8:amd64...
I: Configuring libgmp10:amd64...
I: Configuring libp11-kit0:amd64...
I: Configuring libaudit1:amd64...
I: Configuring libuuid1:amd64...
I: Configuring libss2:amd64...
I: Configuring libsepol2:amd64...
I: Configuring libpcre2-8-0:amd64...
I: Configuring logsave...
I: Configuring gpgv...
I: Configuring util-linux-extra...
I: Configuring libhogweed6:amd64...
I: Configuring e2fsprogs...
I: Configuring libsystemd0:amd64...
I: Configuring libselinux1:amd64...
I: Configuring libgnutls30:amd64...
I: Configuring libpam0g:amd64...
I: Configuring libapt-pkg6.0:amd64...
I: Configuring sed...
I: Configuring findutils...
I: Configuring libmount1:amd64...
I: Configuring libsemanage2:amd64...
I: Configuring base-passwd...
I: Configuring bsdutils...
I: Configuring tar...
I: Configuring libpam-modules-bin...
I: Configuring coreutils...
I: Configuring util-linux...
I: Configuring dpkg...
I: Configuring mount...
I: Configuring dash...
I: Configuring libpam-modules:amd64...
I: Configuring grep...
I: Configuring perl-base...
I: Configuring gzip...
I: Configuring passwd...
I: Configuring libpam-runtime...
I: Configuring login...
I: Configuring adduser...
I: Configuring apt...
I: Configuring libc-bin...
I: Unpacking the base system...
I: Unpacking apt-transport-https...
I: Unpacking apt-utils...
I: Unpacking ca-certificates...
I: Unpacking cpio...
I: Unpacking cron...
I: Unpacking curl...
I: Unpacking dbus...
I: Unpacking dbus-bin...
I: Unpacking dbus-daemon...
I: Unpacking dbus-session-bus-common...
I: Unpacking dbus-system-bus-common...
I: Unpacking debconf-i18n...
I: Unpacking dirmngr...
I: Unpacking dmidecode...
I: Unpacking dnsmasq...
I: Unpacking dnsmasq-base...
I: Unpacking efibootmgr...
I: Unpacking ethtool...
I: Unpacking fdisk...
I: Unpacking gettext-base...
I: Unpacking gnupg...
I: Unpacking gnupg-l10n...
I: Unpacking gnupg-utils...
I: Unpacking gpg...
I: Unpacking gpg-agent...
I: Unpacking gpg-wks-client...
I: Unpacking gpg-wks-server...
I: Unpacking gpgconf...
I: Unpacking gpgsm...
I: Unpacking grub-common...
I: Unpacking grub-efi-amd64...
I: Unpacking grub-efi-amd64-bin...
I: Unpacking grub2-common...
I: Unpacking ifupdown...
I: Unpacking init...
I: Unpacking initramfs-tools...
I: Unpacking initramfs-tools-core...
I: Unpacking iproute2...
I: Unpacking iputils-ping...
I: Unpacking isc-dhcp-client...
I: Unpacking isc-dhcp-common...
I: Unpacking jq...
I: Unpacking klibc-utils...
I: Unpacking kmod...
I: Unpacking less...
I: Unpacking libassuan0:amd64...
I: Unpacking libbpf1:amd64...
I: Unpacking libbrotli1:amd64...
I: Unpacking libbsd0:amd64...
I: Unpacking libcap2-bin...
I: Unpacking libcbor0.8:amd64...
I: Unpacking libcurl4:amd64...
I: Unpacking libdbus-1-3:amd64...
I: Unpacking libedit2:amd64...
I: Unpacking libefiboot1:amd64...
I: Unpacking libefivar1:amd64...
I: Unpacking libelf1:amd64...
I: Unpacking libfido2-1:amd64...
I: Unpacking libfreetype6:amd64...
I: Unpacking libfuse2:amd64...
I: Unpacking libglib2.0-0:amd64...
I: Unpacking libgssapi-krb5-2:amd64...
I: Unpacking libjansson4:amd64...
I: Unpacking libjq1:amd64...
I: Unpacking libk5crypto3:amd64...
I: Unpacking libkeyutils1:amd64...
I: Unpacking libklibc:amd64...
I: Unpacking libkrb5-3:amd64...
I: Unpacking libkrb5support0:amd64...
I: Unpacking libksba8:amd64...
I: Unpacking libldap-2.5-0:amd64...
I: Unpacking liblocale-gettext-perl...
I: Unpacking libmnl0:amd64...
I: Unpacking libncursesw6:amd64...
I: Unpacking libnetfilter-conntrack3:amd64...
I: Unpacking libnetplan0:amd64...
I: Unpacking libnewt0.52:amd64...
I: Unpacking libnfnetlink0:amd64...
I: Unpacking libnftables1:amd64...
I: Unpacking libnftnl11:amd64...
I: Unpacking libnghttp2-14:amd64...
I: Unpacking libnpth0:amd64...
I: Unpacking libnsl2:amd64...
I: Unpacking libonig5:amd64...
I: Unpacking libpng16-16:amd64...
I: Unpacking libpopt0:amd64...
I: Unpacking libproc2-0:amd64...
I: Unpacking libpsl5:amd64...
I: Unpacking libpython3-stdlib:amd64...
I: Unpacking libpython3.11-stdlib:amd64...
I: Unpacking libreadline8:amd64...
I: Unpacking librtmp1:amd64...
I: Unpacking libsasl2-2:amd64...
I: Unpacking libsasl2-modules-db:amd64...
I: Unpacking libslang2:amd64...
I: Unpacking libsqlite3-0:amd64...
I: Unpacking libssh2-1:amd64...
I: Unpacking libtext-charwidth-perl:amd64...
I: Unpacking libtext-iconv-perl:amd64...
I: Unpacking libtext-wrapi18n-perl...
I: Unpacking libtirpc-common...
I: Unpacking libtirpc3:amd64...
I: Unpacking libwrap0:amd64...
I: Unpacking libxtables12:amd64...
I: Unpacking libyaml-0-2:amd64...
I: Unpacking linux-base...
I: Unpacking linux-image-6.1.0-42-amd64...
I: Unpacking linux-image-amd64...
I: Unpacking logrotate...
I: Unpacking lsb-base...
I: Unpacking media-types...
I: Unpacking nano...
I: Unpacking net-tools...
I: Unpacking netbase...
I: Unpacking netplan.io...
I: Unpacking nftables...
I: Unpacking nginx...
I: Unpacking nginx-common...
I: Unpacking openssh-client...
I: Unpacking openssh-server...
I: Unpacking openssh-sftp-server...
I: Unpacking openssl...
I: Unpacking pinentry-curses...
I: Unpacking procps...
I: Unpacking python3...
I: Unpacking python3-dbus...
I: Unpacking python3-distutils...
I: Unpacking python3-lib2to3...
I: Unpacking python3-markdown-it...
I: Unpacking python3-mdurl...
I: Unpacking python3-netifaces:amd64...
I: Unpacking python3-pip...
I: Unpacking python3-pkg-resources...
I: Unpacking python3-pygments...
I: Unpacking python3-rich...
I: Unpacking python3-setuptools...
I: Unpacking python3-typing-extensions...
I: Unpacking python3-wheel...
I: Unpacking python3-yaml...
I: Unpacking python3.11...
I: Unpacking readline-common...
I: Unpacking rsync...
I: Unpacking runit-helper...
I: Unpacking sensible-utils...
I: Unpacking sudo...
I: Unpacking tasksel...
I: Unpacking tasksel-data...
I: Unpacking ucf...
I: Unpacking udev...
I: Unpacking vim-common...
I: Unpacking vim-tiny...
I: Unpacking wget...
I: Unpacking whiptail...
I: Unpacking wireguard-tools...
I: Configuring the base system...
I: Configuring libksba8:amd64...
I: Configuring media-types...
I: Configuring cpio...
I: Configuring libtext-iconv-perl:amd64...
I: Configuring libtext-charwidth-perl:amd64...
I: Configuring runit-helper...
I: Configuring lsb-base...
I: Configuring net-tools...
I: Configuring libkeyutils1:amd64...
I: Configuring libpsl5:amd64...
I: Configuring apt-utils...
I: Configuring linux-base...
I: Configuring wget...
I: Configuring apt-transport-https...
I: Configuring init...
I: Configuring libyaml-0-2:amd64...
I: Configuring libglib2.0-0:amd64...
I: Configuring libtirpc-common...
I: Configuring libcbor0.8:amd64...
I: Configuring libbrotli1:amd64...
I: Configuring libsqlite3-0:amd64...
I: Configuring libnghttp2-14:amd64...
I: Configuring less...
I: Configuring libnetplan0:amd64...
I: Configuring gettext-base...
I: Configuring nginx-common...
I: Configuring libnpth0:amd64...
I: Configuring kmod...
I: Configuring libassuan0:amd64...
I: Configuring libfuse2:amd64...
I: Configuring libtext-wrapi18n-perl...
I: Configuring libjansson4:amd64...
I: Configuring libkrb5support0:amd64...
I: Configuring libsasl2-modules-db:amd64...
I: Configuring libcap2-bin...
I: Configuring libklibc:amd64...
I: Configuring vim-common...
I: Configuring libslang2:amd64...
I: Configuring gnupg-l10n...
I: Configuring librtmp1:amd64...
I: Configuring libdbus-1-3:amd64...
I: Configuring libproc2-0:amd64...
I: Configuring libpng16-16:amd64...
I: Configuring libmnl0:amd64...
I: Configuring udev...
I: Configuring wireguard-tools...
I: Configuring sudo...
I: Configuring libncursesw6:amd64...
I: Configuring libk5crypto3:amd64...
I: Configuring libxtables12:amd64...
I: Configuring libsasl2-2:amd64...
I: Configuring nano...
I: Configuring sensible-utils...
I: Configuring libnfnetlink0:amd64...
I: Configuring dbus-session-bus-common...
I: Configuring procps...
I: Configuring libefivar1:amd64...
I: Configuring libssh2-1:amd64...
I: Configuring netbase...
I: Configuring isc-dhcp-common...
I: Configuring libkrb5-3:amd64...
I: Configuring dmidecode...
I: Configuring dbus-system-bus-common...
I: Configuring libfido2-1:amd64...
I: Configuring klibc-utils...
I: Configuring openssl...
I: Configuring libbsd0:amd64...
I: Configuring libelf1:amd64...
I: Configuring iputils-ping...
I: Configuring readline-common...
I: Configuring dbus-bin...
I: Configuring libonig5:amd64...
I: Configuring liblocale-gettext-perl...
I: Configuring libbpf1:amd64...
I: Configuring libpopt0:amd64...
I: Configuring ethtool...
I: Configuring pinentry-curses...
I: Configuring logrotate...
I: Configuring libnewt0.52:amd64...
I: Configuring libjq1:amd64...
I: Configuring libedit2:amd64...
I: Configuring libreadline8:amd64...
I: Configuring cron...
I: Configuring debconf-i18n...
I: Configuring libnftnl11:amd64...
I: Configuring libefiboot1:amd64...
I: Configuring dbus-daemon...
I: Configuring vim-tiny...
I: Configuring libldap-2.5-0:amd64...
I: Configuring fdisk...
I: Configuring ca-certificates...
I: Configuring libfreetype6:amd64...
I: Configuring dbus...
I: Configuring libgssapi-krb5-2:amd64...
I: Configuring ucf...
I: Configuring whiptail...
I: Configuring libnetfilter-conntrack3:amd64...
I: Configuring jq...
I: Configuring gpgconf...
I: Configuring libcurl4:amd64...
I: Configuring curl...
I: Configuring initramfs-tools-core...
I: Configuring gpg...
I: Configuring rsync...
I: Configuring gnupg-utils...
I: Configuring libtirpc3:amd64...
I: Configuring efibootmgr...
I: Configuring libnftables1:amd64...
I: Configuring gpg-agent...
I: Configuring nftables...
I: Configuring initramfs-tools...
I: Configuring iproute2...
I: Configuring openssh-client...
I: Configuring gpgsm...
I: Configuring isc-dhcp-client...
I: Configuring dnsmasq-base...
I: Configuring dnsmasq...
I: Configuring grub-common...
I: Configuring dirmngr...
I: Configuring ifupdown...
I: Configuring gpg-wks-server...
I: Configuring libnsl2:amd64...
I: Configuring grub-efi-amd64-bin...
I: Configuring linux-image-6.1.0-42-amd64...
I: Configuring openssh-sftp-server...
I: Configuring gpg-wks-client...
I: Configuring nginx...
I: Configuring grub2-common...
I: Configuring libpython3.11-stdlib:amd64...
I: Configuring linux-image-amd64...
I: Configuring libwrap0:amd64...
I: Configuring grub-efi-amd64...
I: Configuring gnupg...
I: Configuring libpython3-stdlib:amd64...
I: Configuring python3.11...
I: Configuring openssh-server...
I: Configuring python3...
I: Configuring python3-mdurl...
I: Configuring python3-typing-extensions...
I: Configuring python3-markdown-it...
I: Configuring python3-netifaces:amd64...
I: Configuring python3-lib2to3...
I: Configuring python3-pkg-resources...
I: Configuring python3-distutils...
I: Configuring python3-dbus...
I: Configuring python3-setuptools...
I: Configuring python3-yaml...
I: Configuring python3-wheel...
I: Configuring python3-pygments...
I: Configuring python3-pip...
I: Configuring python3-rich...
I: Configuring netplan.io...
I: Configuring tasksel...
I: Configuring tasksel-data...
I: Configuring libc-bin...
I: Configuring ca-certificates...
I: Configuring initramfs-tools...
I: Base system installed successfully.
[0;32m[  OK ][0m Debootstrap terminé
[0;36m[build][0m 2/7 Configuration système de base...
bash: line 1: locale-gen: command not found
bash: line 1: update-locale: command not found
[0;36m[build][0m Mot de passe root par défaut: secubox
[0;36m[build][0m SSH root login activé
[0;32m[  OK ][0m Configuration base terminée
[0;36m[build][0m 3/7 Installation paquets SecuBox...
[0;33m[ WARN][0m APT repo SecuBox non disponible — skip (Phase 4)
[0;36m[build][0m Slipstream: installation des paquets locaux...
Reading package lists...
Building dependency tree...
0 upgraded, 0 newly installed, 0 to remove and 0 not upgraded.
[0;32m[  OK ][0m Slipstream: 16 paquets installés
[0;36m[build][0m Installation des outils VM...
Reading package lists...
Building dependency tree...
The following additional packages will be installed:
  adwaita-icon-theme alsa-topology-conf alsa-ucm-conf at-spi2-common
  at-spi2-core dbus-user-session dconf-gsettings-backend dconf-service
  fontconfig fontconfig-config fonts-dejavu-core gsettings-desktop-schemas
  gtk-update-icon-cache hicolor-icon-theme keyboard-configuration libasound2
  libasound2-data libatk-bridge2.0-0 libatk1.0-0 libatspi2.0-0
  libavahi-client3 libavahi-common-data libavahi-common3 libcairo-gobject2
  libcairo2 libcolord2 libcups2 libdatrie1 libdconf1 libdeflate0
  libdrm-amdgpu1 libdrm-common libdrm-intel1 libdrm-nouveau2 libdrm-radeon1
  libdrm2 libegl-mesa0 libegl1 libepoxy0 libfontconfig1 libfontenc1
  libfribidi0 libgbm1 libgdk-pixbuf-2.0-0 libgdk-pixbuf2.0-bin
  libgdk-pixbuf2.0-common libgl1 libgl1-mesa-dri libglapi-mesa libglvnd0
  libglx-mesa0 libglx0 libgraphite2-3 libgtk-3-0 libgtk-3-bin libgtk-3-common
  libharfbuzz0b libice6 libicu72 libjbig0 libjpeg62-turbo liblcms2-2 liblerc4
  libllvm15 libnuma1 libpam-systemd libpango-1.0-0 libpangocairo-1.0-0
  libpangoft2-1.0-0 libpciaccess0 libpixman-1-0 librsvg2-2 librsvg2-common
  libsensors-config libsensors5 libsm6 libthai-data libthai0 libtiff6
  libunwind8 liburing2 libwayland-client0 libwayland-cursor0 libwayland-egl1
  libwayland-server0 libwebp7 libx11-6 libx11-data libx11-xcb1 libxau6 libxaw7
  libxcb-dri2-0 libxcb-dri3-0 libxcb-glx0 libxcb-present0 libxcb-randr0
  libxcb-render0 libxcb-shm0 libxcb-sync1 libxcb-xfixes0 libxcb1
  libxcomposite1 libxcursor1 libxcvt0 libxdamage1 libxdmcp6 libxext6
  libxfixes3 libxfont2 libxi6 libxinerama1 libxkbcommon0 libxkbfile1 libxml2
  libxmu6 libxmuu1 libxpm4 libxrandr2 libxrender1 libxshmfence1 libxt6
  libxtst6 libxxf86vm1 libz3-4 shared-mime-info x11-common x11-xkb-utils xauth
  xcvt xfonts-base xfonts-encodings xfonts-utils xkb-data xserver-common
  xserver-xorg-core
Suggested packages:
  libasound2-plugins alsa-utils colord cups-common gvfs liblcms2-utils
  pciutils librsvg2-bin lm-sensors xfs | xserver xfonts-100dpi | xfonts-75dpi
  xfonts-scalable
The following NEW packages will be installed:
  adwaita-icon-theme alsa-topology-conf alsa-ucm-conf at-spi2-common
  at-spi2-core dbus-user-session dconf-gsettings-backend dconf-service
  fontconfig fontconfig-config fonts-dejavu-core gsettings-desktop-schemas
  gtk-update-icon-cache hicolor-icon-theme keyboard-configuration libasound2
  libasound2-data libatk-bridge2.0-0 libatk1.0-0 libatspi2.0-0
  libavahi-client3 libavahi-common-data libavahi-common3 libcairo-gobject2
  libcairo2 libcolord2 libcups2 libdatrie1 libdconf1 libdeflate0
  libdrm-amdgpu1 libdrm-common libdrm-intel1 libdrm-nouveau2 libdrm-radeon1
  libdrm2 libegl-mesa0 libegl1 libepoxy0 libfontconfig1 libfontenc1
  libfribidi0 libgbm1 libgdk-pixbuf-2.0-0 libgdk-pixbuf2.0-bin
  libgdk-pixbuf2.0-common libgl1 libgl1-mesa-dri libglapi-mesa libglvnd0
  libglx-mesa0 libglx0 libgraphite2-3 libgtk-3-0 libgtk-3-bin libgtk-3-common
  libharfbuzz0b libice6 libicu72 libjbig0 libjpeg62-turbo liblcms2-2 liblerc4
  libllvm15 libnuma1 libpam-systemd libpango-1.0-0 libpangocairo-1.0-0
  libpangoft2-1.0-0 libpciaccess0 libpixman-1-0 librsvg2-2 librsvg2-common
  libsensors-config libsensors5 libsm6 libthai-data libthai0 libtiff6
  libunwind8 liburing2 libwayland-client0 libwayland-cursor0 libwayland-egl1
  libwayland-server0 libwebp7 libx11-6 libx11-data libx11-xcb1 libxau6 libxaw7
  libxcb-dri2-0 libxcb-dri3-0 libxcb-glx0 libxcb-present0 libxcb-randr0
  libxcb-render0 libxcb-shm0 libxcb-sync1 libxcb-xfixes0 libxcb1
  libxcomposite1 libxcursor1 libxcvt0 libxdamage1 libxdmcp6 libxext6
  libxfixes3 libxfont2 libxi6 libxinerama1 libxkbcommon0 libxkbfile1 libxml2
  libxmu6 libxmuu1 libxpm4 libxrandr2 libxrender1 libxshmfence1 libxt6
  libxtst6 libxxf86vm1 libz3-4 qemu-guest-agent shared-mime-info spice-vdagent
  x11-common x11-xkb-utils xauth xcvt xfonts-base xfonts-encodings
  xfonts-utils xkb-data xserver-common xserver-xorg-core
  xserver-xorg-video-qxl
0 upgraded, 138 newly installed, 0 to remove and 0 not upgraded.
Need to get 93.0 MB of archives.
After this operation, 358 MB of additional disk space will be used.
Get:1 http://deb.debian.org/debian bookworm/main amd64 xkb-data all 2.35.1-1 [764 kB]
Get:2 http://deb.debian.org/debian bookworm/main amd64 keyboard-configuration all 1.221 [416 kB]
Get:3 http://deb.debian.org/debian bookworm/main amd64 libnuma1 amd64 2.0.16-1 [21.0 kB]
Get:4 http://deb.debian.org/debian bookworm/main amd64 liburing2 amd64 2.3-3 [12.6 kB]
Get:5 http://deb.debian.org/debian bookworm/main amd64 qemu-guest-agent amd64 1:7.2+dfsg-7+deb12u18 [346 kB]
Get:6 http://deb.debian.org/debian bookworm/main amd64 libasound2-data all 1.2.8-1 [20.5 kB]
Get:7 http://deb.debian.org/debian bookworm/main amd64 libasound2 amd64 1.2.8-1+b1 [362 kB]
Get:8 http://deb.debian.org/debian bookworm/main amd64 libdrm-common all 2.4.114-1 [7112 B]
Get:9 http://deb.debian.org/debian bookworm/main amd64 libdrm2 amd64 2.4.114-1+b1 [37.5 kB]
Get:10 http://deb.debian.org/debian bookworm/main amd64 hicolor-icon-theme all 0.17-2 [11.4 kB]
Get:11 http://deb.debian.org/debian bookworm/main amd64 libgdk-pixbuf2.0-common all 2.42.10+dfsg-1+deb12u3 [307 kB]
Get:12 http://deb.debian.org/debian bookworm/main amd64 libicu72 amd64 72.1-3+deb12u1 [9376 kB]
Get:13 http://deb.debian.org/debian bookworm/main amd64 libxml2 amd64 2.9.14+dfsg-1.3~deb12u5 [688 kB]
Get:14 http://deb.debian.org/debian bookworm/main amd64 shared-mime-info amd64 2.2-1 [729 kB]
Get:15 http://deb.debian.org/debian bookworm/main amd64 libjpeg62-turbo amd64 1:2.1.5-2 [166 kB]
Get:16 http://deb.debian.org/debian bookworm/main amd64 libdeflate0 amd64 1.14-1 [61.4 kB]
Get:17 http://deb.debian.org/debian bookworm/main amd64 libjbig0 amd64 2.1-6.1 [31.7 kB]
Get:18 http://deb.debian.org/debian bookworm/main amd64 liblerc4 amd64 4.0.0+ds-2 [170 kB]
Get:19 http://deb.debian.org/debian bookworm/main amd64 libwebp7 amd64 1.2.4-0.2+deb12u1 [286 kB]
Get:20 http://deb.debian.org/debian bookworm/main amd64 libtiff6 amd64 4.5.0-6+deb12u3 [316 kB]
Get:21 http://deb.debian.org/debian bookworm/main amd64 libgdk-pixbuf-2.0-0 amd64 2.42.10+dfsg-1+deb12u3 [139 kB]
Get:22 http://deb.debian.org/debian bookworm/main amd64 gtk-update-icon-cache amd64 3.24.38-2~deb12u3 [44.2 kB]
Get:23 http://deb.debian.org/debian bookworm/main amd64 adwaita-icon-theme all 43-1 [5124 kB]
Get:24 http://deb.debian.org/debian bookworm/main amd64 at-spi2-common all 2.46.0-5 [162 kB]
Get:25 http://deb.debian.org/debian bookworm/main amd64 libatk1.0-0 amd64 2.46.0-5 [49.6 kB]
Get:26 http://deb.debian.org/debian bookworm/main amd64 libxau6 amd64 1:1.0.9-1 [19.7 kB]
Get:27 http://deb.debian.org/debian bookworm/main amd64 libxdmcp6 amd64 1:1.1.2-3 [26.3 kB]
Get:28 http://deb.debian.org/debian bookworm/main amd64 libxcb1 amd64 1.15-1 [144 kB]
Get:29 http://deb.debian.org/debian bookworm/main amd64 libx11-data all 2:1.8.4-2+deb12u2 [292 kB]
Get:30 http://deb.debian.org/debian bookworm/main amd64 libx11-6 amd64 2:1.8.4-2+deb12u2 [760 kB]
Get:31 http://deb.debian.org/debian bookworm/main amd64 libxext6 amd64 2:1.3.4-1+b1 [52.9 kB]
Get:32 http://deb.debian.org/debian bookworm/main amd64 libxi6 amd64 2:1.8-1+b1 [84.2 kB]
Get:33 http://deb.debian.org/debian bookworm/main amd64 libatspi2.0-0 amd64 2.46.0-5 [75.4 kB]
Get:34 http://deb.debian.org/debian bookworm/main amd64 libatk-bridge2.0-0 amd64 2.46.0-5 [64.6 kB]
Get:35 http://deb.debian.org/debian bookworm/main amd64 fonts-dejavu-core all 2.37-6 [1068 kB]
Get:36 http://deb.debian.org/debian bookworm/main amd64 fontconfig-config amd64 2.14.1-4 [315 kB]
Get:37 http://deb.debian.org/debian bookworm/main amd64 libfontconfig1 amd64 2.14.1-4 [386 kB]
Get:38 http://deb.debian.org/debian bookworm/main amd64 libpixman-1-0 amd64 0.42.2-1 [546 kB]
Get:39 http://deb.debian.org/debian bookworm/main amd64 libxcb-render0 amd64 1.15-1 [115 kB]
Get:40 http://deb.debian.org/debian bookworm/main amd64 libxcb-shm0 amd64 1.15-1 [105 kB]
Get:41 http://deb.debian.org/debian bookworm/main amd64 libxrender1 amd64 1:0.9.10-1.1 [33.2 kB]
Get:42 http://deb.debian.org/debian bookworm/main amd64 libcairo2 amd64 1.16.0-7 [575 kB]
Get:43 http://deb.debian.org/debian bookworm/main amd64 libcairo-gobject2 amd64 1.16.0-7 [112 kB]
Get:44 http://deb.debian.org/debian bookworm/main amd64 liblcms2-2 amd64 2.14-2 [154 kB]
Get:45 http://deb.debian.org/debian bookworm/main amd64 libcolord2 amd64 1.4.6-2.2 [137 kB]
Get:46 http://deb.debian.org/debian bookworm/main amd64 libavahi-common-data amd64 0.8-10+deb12u1 [107 kB]
Get:47 http://deb.debian.org/debian bookworm/main amd64 libavahi-common3 amd64 0.8-10+deb12u1 [42.1 kB]
Get:48 http://deb.debian.org/debian bookworm/main amd64 libavahi-client3 amd64 0.8-10+deb12u1 [45.8 kB]
Get:49 http://deb.debian.org/debian bookworm/main amd64 libcups2 amd64 2.4.2-3+deb12u9 [245 kB]
Get:50 http://deb.debian.org/debian bookworm/main amd64 libepoxy0 amd64 1.5.10-1 [189 kB]
Get:51 http://deb.debian.org/debian bookworm/main amd64 libfribidi0 amd64 1.0.8-2.1 [65.0 kB]
Get:52 http://deb.debian.org/debian bookworm/main amd64 libgraphite2-3 amd64 1.3.14-1 [81.2 kB]
Get:53 http://deb.debian.org/debian bookworm/main amd64 libharfbuzz0b amd64 6.0.0+dfsg-3 [1945 kB]
Get:54 http://deb.debian.org/debian bookworm/main amd64 fontconfig amd64 2.14.1-4 [449 kB]
Get:55 http://deb.debian.org/debian bookworm/main amd64 libthai-data all 0.1.29-1 [176 kB]
Get:56 http://deb.debian.org/debian bookworm/main amd64 libdatrie1 amd64 0.2.13-2+b1 [43.3 kB]
Get:57 http://deb.debian.org/debian bookworm/main amd64 libthai0 amd64 0.1.29-1 [57.5 kB]
Get:58 http://deb.debian.org/debian bookworm/main amd64 libpango-1.0-0 amd64 1.50.12+ds-1 [212 kB]
Get:59 http://deb.debian.org/debian bookworm/main amd64 libpangoft2-1.0-0 amd64 1.50.12+ds-1 [47.4 kB]
Get:60 http://deb.debian.org/debian bookworm/main amd64 libpangocairo-1.0-0 amd64 1.50.12+ds-1 [34.2 kB]
Get:61 http://deb.debian.org/debian bookworm/main amd64 libwayland-client0 amd64 1.21.0-1 [28.3 kB]
Get:62 http://deb.debian.org/debian bookworm/main amd64 libwayland-cursor0 amd64 1.21.0-1 [14.4 kB]
Get:63 http://deb.debian.org/debian bookworm/main amd64 libwayland-egl1 amd64 1.21.0-1 [8640 B]
Get:64 http://deb.debian.org/debian bookworm/main amd64 libxcomposite1 amd64 1:0.4.5-1 [16.6 kB]
Get:65 http://deb.debian.org/debian bookworm/main amd64 libxfixes3 amd64 1:6.0.0-2 [22.7 kB]
Get:66 http://deb.debian.org/debian bookworm/main amd64 libxcursor1 amd64 1:1.2.1-1 [40.9 kB]
Get:67 http://deb.debian.org/debian bookworm/main amd64 libxdamage1 amd64 1:1.1.6-1 [15.1 kB]
Get:68 http://deb.debian.org/debian bookworm/main amd64 libxinerama1 amd64 2:1.1.4-3 [17.8 kB]
Get:69 http://deb.debian.org/debian bookworm/main amd64 libxkbcommon0 amd64 1.5.0-1 [106 kB]
Get:70 http://deb.debian.org/debian bookworm/main amd64 libxrandr2 amd64 2:1.5.2-2+b1 [39.2 kB]
Get:71 http://deb.debian.org/debian bookworm/main amd64 libpam-systemd amd64 252.39-1~deb12u1 [225 kB]
Get:72 http://deb.debian.org/debian bookworm/main amd64 dbus-user-session amd64 1.14.10-1~deb12u1 [78.1 kB]
Get:73 http://deb.debian.org/debian bookworm/main amd64 libdconf1 amd64 0.40.0-4 [40.9 kB]
Get:74 http://deb.debian.org/debian bookworm/main amd64 dconf-service amd64 0.40.0-4 [31.6 kB]
Get:75 http://deb.debian.org/debian bookworm/main amd64 dconf-gsettings-backend amd64 0.40.0-4 [27.8 kB]
Get:76 http://deb.debian.org/debian bookworm/main amd64 libgtk-3-common all 3.24.38-2~deb12u3 [3895 kB]
Get:77 http://deb.debian.org/debian bookworm/main amd64 libgtk-3-0 amd64 3.24.38-2~deb12u3 [2847 kB]
Get:78 http://deb.debian.org/debian bookworm/main amd64 libpciaccess0 amd64 0.17-2 [51.4 kB]
Get:79 http://deb.debian.org/debian bookworm/main amd64 spice-vdagent amd64 0.22.1-3+b2 [60.8 kB]
Get:80 http://deb.debian.org/debian bookworm/main amd64 alsa-topology-conf all 1.2.5.1-2 [15.2 kB]
Get:81 http://deb.debian.org/debian bookworm/main amd64 alsa-ucm-conf all 1.2.8-1 [51.7 kB]
Get:82 http://deb.debian.org/debian bookworm/main amd64 x11-common all 1:7.7+23 [252 kB]
Get:83 http://deb.debian.org/debian bookworm/main amd64 libxtst6 amd64 2:1.2.3-1.1 [28.0 kB]
Get:84 http://deb.debian.org/debian bookworm/main amd64 gsettings-desktop-schemas all 43.0-1 [643 kB]
Get:85 http://deb.debian.org/debian bookworm/main amd64 at-spi2-core amd64 2.46.0-5 [57.3 kB]
Get:86 http://deb.debian.org/debian bookworm/main amd64 libdrm-amdgpu1 amd64 2.4.114-1+b1 [20.9 kB]
Get:87 http://deb.debian.org/debian bookworm/main amd64 libdrm-intel1 amd64 2.4.114-1+b1 [64.0 kB]
Get:88 http://deb.debian.org/debian bookworm/main amd64 libdrm-nouveau2 amd64 2.4.114-1+b1 [19.1 kB]
Get:89 http://deb.debian.org/debian bookworm/main amd64 libdrm-radeon1 amd64 2.4.114-1+b1 [21.8 kB]
Get:90 http://deb.debian.org/debian bookworm/main amd64 libwayland-server0 amd64 1.21.0-1 [35.9 kB]
Get:91 http://deb.debian.org/debian bookworm/main amd64 libgbm1 amd64 22.3.6-1+deb12u1 [38.0 kB]
Get:92 http://deb.debian.org/debian bookworm/main amd64 libglapi-mesa amd64 22.3.6-1+deb12u1 [35.7 kB]
Get:93 http://deb.debian.org/debian bookworm/main amd64 libx11-xcb1 amd64 2:1.8.4-2+deb12u2 [192 kB]
Get:94 http://deb.debian.org/debian bookworm/main amd64 libxcb-dri2-0 amd64 1.15-1 [107 kB]
Get:95 http://deb.debian.org/debian bookworm/main amd64 libxcb-dri3-0 amd64 1.15-1 [107 kB]
Get:96 http://deb.debian.org/debian bookworm/main amd64 libxcb-present0 amd64 1.15-1 [105 kB]
Get:97 http://deb.debian.org/debian bookworm/main amd64 libxcb-randr0 amd64 1.15-1 [117 kB]
Get:98 http://deb.debian.org/debian bookworm/main amd64 libxcb-sync1 amd64 1.15-1 [109 kB]
Get:99 http://deb.debian.org/debian bookworm/main amd64 libxcb-xfixes0 amd64 1.15-1 [109 kB]
Get:100 http://deb.debian.org/debian bookworm/main amd64 libxshmfence1 amd64 1.3-1 [8820 B]
Get:101 http://deb.debian.org/debian bookworm/main amd64 libegl-mesa0 amd64 22.3.6-1+deb12u1 [114 kB]
Get:102 http://deb.debian.org/debian bookworm/main amd64 libfontenc1 amd64 1:1.1.4-1 [24.3 kB]
Get:103 http://deb.debian.org/debian bookworm/main amd64 libgdk-pixbuf2.0-bin amd64 2.42.10+dfsg-1+deb12u3 [18.1 kB]
Get:104 http://deb.debian.org/debian bookworm/main amd64 libglvnd0 amd64 1.6.0-1 [51.8 kB]
Get:105 http://deb.debian.org/debian bookworm/main amd64 libxcb-glx0 amd64 1.15-1 [122 kB]
Get:106 http://deb.debian.org/debian bookworm/main amd64 libxxf86vm1 amd64 1:1.1.4-1+b2 [20.8 kB]
Get:107 http://deb.debian.org/debian bookworm/main amd64 libz3-4 amd64 4.8.12-3.1 [7216 kB]
Get:108 http://deb.debian.org/debian bookworm/main amd64 libllvm15 amd64 1:15.0.6-4+b1 [23.1 MB]
Get:109 http://deb.debian.org/debian bookworm/main amd64 libsensors-config all 1:3.6.0-7.1 [14.3 kB]
Get:110 http://deb.debian.org/debian bookworm/main amd64 libsensors5 amd64 1:3.6.0-7.1 [34.2 kB]
Get:111 http://deb.debian.org/debian bookworm/main amd64 libgl1-mesa-dri amd64 22.3.6-1+deb12u1 [7239 kB]
Get:112 http://deb.debian.org/debian bookworm/main amd64 libglx-mesa0 amd64 22.3.6-1+deb12u1 [147 kB]
Get:113 http://deb.debian.org/debian bookworm/main amd64 libglx0 amd64 1.6.0-1 [34.4 kB]
Get:114 http://deb.debian.org/debian bookworm/main amd64 libgl1 amd64 1.6.0-1 [88.4 kB]
Get:115 http://deb.debian.org/debian bookworm/main amd64 libgtk-3-bin amd64 3.24.38-2~deb12u3 [82.7 kB]
Get:116 http://deb.debian.org/debian bookworm/main amd64 libice6 amd64 2:1.0.10-1 [58.5 kB]
Get:117 http://deb.debian.org/debian bookworm/main amd64 librsvg2-2 amd64 2.54.7+dfsg-1~deb12u1 [2620 kB]
Get:118 http://deb.debian.org/debian bookworm/main amd64 librsvg2-common amd64 2.54.7+dfsg-1~deb12u1 [21.4 kB]
Get:119 http://deb.debian.org/debian bookworm/main amd64 libsm6 amd64 2:1.2.3-1 [35.1 kB]
Get:120 http://deb.debian.org/debian bookworm/main amd64 libunwind8 amd64 1.6.2-3 [51.2 kB]
Get:121 http://deb.debian.org/debian bookworm/main amd64 libxt6 amd64 1:1.2.1-1.1 [186 kB]
Get:122 http://deb.debian.org/debian bookworm/main amd64 libxmu6 amd64 2:1.1.3-3 [60.1 kB]
Get:123 http://deb.debian.org/debian bookworm/main amd64 libxpm4 amd64 1:3.5.12-1.1+deb12u1 [48.6 kB]
Get:124 http://deb.debian.org/debian bookworm/main amd64 libxaw7 amd64 2:1.0.14-1 [201 kB]
Get:125 http://deb.debian.org/debian bookworm/main amd64 libxcvt0 amd64 0.1.2-1 [5400 B]
Get:126 http://deb.debian.org/debian bookworm/main amd64 libxfont2 amd64 1:2.0.6-1 [136 kB]
Get:127 http://deb.debian.org/debian bookworm/main amd64 libxkbfile1 amd64 1:1.1.0-1 [75.2 kB]
Get:128 http://deb.debian.org/debian bookworm/main amd64 libxmuu1 amd64 2:1.1.3-3 [23.9 kB]
Get:129 http://deb.debian.org/debian bookworm/main amd64 x11-xkb-utils amd64 7.7+7 [165 kB]
Get:130 http://deb.debian.org/debian bookworm/main amd64 xauth amd64 1:1.1.2-1 [36.0 kB]
Get:131 http://deb.debian.org/debian bookworm/main amd64 xcvt amd64 0.1.2-1 [7644 B]
Get:132 http://deb.debian.org/debian bookworm/main amd64 xfonts-encodings all 1:1.0.4-2.2 [577 kB]
Get:133 http://deb.debian.org/debian bookworm/main amd64 xfonts-utils amd64 1:7.7+6 [93.0 kB]
Get:134 http://deb.debian.org/debian bookworm/main amd64 xfonts-base all 1:1.0.5+nmu1 [5895 kB]
Get:135 http://deb.debian.org/debian bookworm/main amd64 xserver-common all 2:21.1.7-3+deb12u11 [2383 kB]
Get:136 http://deb.debian.org/debian bookworm/main amd64 libegl1 amd64 1.6.0-1 [33.7 kB]
Get:137 http://deb.debian.org/debian bookworm/main amd64 xserver-xorg-core amd64 2:21.1.7-3+deb12u11 [3720 kB]
Get:138 http://deb.debian.org/debian bookworm/main amd64 xserver-xorg-video-qxl amd64 0.1.5+git20200331-3 [83.7 kB]
Preconfiguring packages ...
[?1049h[22;0;0t[1;29r[4l[?25l(B[m[37m[40m[1;29r[H[2J[1;1H[97m[44m[K
[K
[K
[K
[K
[K
[K
[K
[K
[K
[K
[K
[K
[K
[K
[K
[K
[K
[K
[K
[K
[K
[K
[K
[K
[K
[K
[K
[K[1;1H[37mPackage configuration[3;21H(0[30m[47mlqqqqqqqqqqqqqqqqqqqqu(B[m(B[30m[47m [31mConfiguring keyboard-configuration[30m (0[30m[47mtqqqqqqqqqqqqqqqqqqqqk[4;21Hx(B[m(B[30m[47m Veuillez choisir la disposition qui correspond au clavier de cette machine.  (0[30m[47mx(B[m(B[97m[40m [5;21H(0[30m[47mx(B[m(B[30m[47m                                                                              (0[30m[47mx(B[m(B[97m[40m [6;21H(0[30m[47mx(B[m(B[30m[47m Keyboard layout:                                                             (0[30m[47mx(B[m(B[97m[40m [7;21H(0[30m[47mx(B[m(B[30m[47m                                                                              (0[30m[47mx(B[m(B[97m[40m [8;21H(0[30m[47mx(B[m(B[30m[47m        Fran?ais                                                        (0[30m[47m (B[m(B[30m[47m     (0[30m[47mx(B[m(B[97m[40m [9;21H(0[30m[47mx(B[m(B[30m[47m        Fran?ais - Fran?ais (AZERTY)                                    (0[30m[47ma(B[m(B[30m[47m     (0[30m[47mx(B[m(B[97m[40m [10;21H(0[30m[47mx(B[m(B[30m[47m        Fran?ais - Fran?ais (AZERTY, AFNOR)                             (0[30m[47ma(B[m(B[30m[47m     (0[30m[47mx(B[m(B[97m[40m [11;21H(0[30m[47mx(B[m(B[30m[47m        Fran?ais - Fran?ais (B?PO)                                      (0[30m[47ma(B[m(B[30m[47m     (0[30m[47mx(B[m(B[97m[40m [12;21H(0[30m[47mx(B[m(B[30m[47m        Fran?ais - Fran?ais (B?PO, AFNOR)                               (0[30m[47ma(B[m(B[30m[47m     (0[30m[47mx(B[m(B[97m[40m [13;21H(0[30m[47mx(B[m(B[30m[47m        Fran?ais - Fran?ais (B?PO, Latin-9 uniquement)                  (0[30m[47ma(B[m(B[30m[47m     (0[30m[47mx(B[m(B[97m[40m [14;21H(0[30m[47mx(B[m(B[30m[47m        Fran?ais - Fran?ais (Dvorak)                                    (0[30m[47ma(B[m(B[30m[47m     (0[30m[47mx(B[m(B[97m[40m [15;21H(0[30m[47mx(B[m(B[30m[47m        Fran?ais - Fran?ais (Macintosh)                                 (0[30m[47m (B[m(B[30m[47m     (0[30m[47mx(B[m(B[97m[40m [16;21H(0[30m[47mx(B[m(B[30m[47m        Fran?ais - Fran?ais (US)                                        (0[30m[47ma(B[m(B[30m[47m     (0[30m[47mx(B[m(B[97m[40m [17;21H(0[30m[47mx(B[m(B[30m[47m        Fran?ais - Fran?ais (breton)                                    (0[30m[47ma(B[m(B[30m[47m     (0[30m[47mx(B[m(B[97m[40m [18;21H(0[30m[47mx(B[m(B[30m[47m        [37m[41mFran?ais - Fran?ais (obsol?te, variante)                      [30m[47m  (0[30m[47ma(B[m(B[30m[47m     (0[30m[47mx(B[m(B[97m[40m [19;21H(0[30m[47mx(B[m(B[30m[47m        Fran?ais - Fran?ais (obsol?te, variante, sans touche morte)     (0[30m[47ma(B[m(B[30m[47m     (0[30m[47mx(B[m(B[97m[40m [20;21H(0[30m[47mx(B[m(B[30m[47m        Fran?ais - Fran?ais (sans touche morte)                         (0[30m[47ma(B[m(B[30m[47m     (0[30m[47mx(B[m(B[97m[40m [21;21H(0[30m[47mx(B[m(B[30m[47m        Fran?ais - Fran?ais (variante)                                  (0[30m[47ma(B[m(B[30m[47m     (0[30m[47mx(B[m(B[97m[40m [22;21H(0[30m[47mx(B[m(B[30m[47m        Fran?ais - Fran?ais (variante, Latin-9 uniquement)              (0[30m[47m (B[m(B[30m[47m     (0[30m[47mx(B[m(B[97m[40m [23;21H(0[30m[47mx(B[m(B[30m[47m                                                                              (0[30m[47mx(B[m(B[97m[40m [24;21H(0[30m[47mx(B[m(B[30m[47m                                                                              (0[30m[47mx(B[m(B[97m[40m [25;21H(0[30m[47mx(B[m(B[30m[47m                     <Ok>                         <Cancel>                    (0[30m[47mx(B[m(B[97m[40m [26;21H(0[30m[47mx(B[m(B[30m[47m                                                                              (0[30m[47mx(B[m(B[97m[40m [27;21H(0[30m[47mmqqqqqqqqqqqqqqqqqqqqqqqqqqqqqqqqqqqqqqqqqqqqqqqqqqqqqqqqqqqqqqqqqqqqqqqqqqqqqqj(B[m(B[97m[40m [28;22H                                                                                [18;30H